<?xml version="1.0" encoding="UTF-8"?>
<!-- Generated by org.testng.reporters.JUnitReportReporter -->
<testsuite hostname="Neeraja-QA01-PC" name="framework.Login" tests="1" failures="0" timestamp="21 Mar 2018 06:26:17 GMT" time="17.300" errors="0">
  <testcase name="login" time="17.300" classname="framework.Login"/>
</testsuite> <!-- framework.Login -->
