<?xml version="1.0" encoding="UTF-8"?>
<!-- Generated by org.testng.reporters.JUnitReportReporter -->
<testsuite hostname="Neeraja-QA01-PC" name="usPayments.Login" tests="1" failures="0" timestamp="27 Mar 2018 10:25:26 GMT" time="28.963" errors="0">
  <testcase name="logIn" time="28.963" classname="usPayments.Login"/>
</testsuite> <!-- usPayments.Login -->
