<?xml version="1.0" encoding="UTF-8"?>
<!-- Generated by org.testng.reporters.JUnitReportReporter -->
<testsuite hostname="Neeraja-QA01-PC" name="framework.Login" tests="1" failures="0" timestamp="26 Mar 2018 11:37:34 GMT" time="23.832" errors="0">
  <testcase name="login" time="23.832" classname="framework.Login"/>
</testsuite> <!-- framework.Login -->
