<?xml version="1.0" encoding="UTF-8"?>
<!-- Generated by org.testng.reporters.JUnitReportReporter -->
<testsuite hostname="Neeraja-QA01-PC" name="usPayments.Login" tests="1" failures="0" timestamp="30 Mar 2018 06:46:45 GMT" time="18.740" errors="0">
  <testcase name="logIn" time="18.740" classname="usPayments.Login"/>
</testsuite> <!-- usPayments.Login -->
