<?xml version="1.0" encoding="UTF-8"?>
<!-- Generated by org.testng.reporters.JUnitReportReporter -->
<testsuite hostname="Neeraja-QA01-PC" name="odpages.OdAccountCreation" tests="1" failures="0" timestamp="7 Mar 2018 12:36:42 GMT" time="11.242" errors="0">
  <testcase name="odaccount" time="11.242" classname="odpages.OdAccountCreation"/>
</testsuite> <!-- odpages.OdAccountCreation -->
