<?xml version="1.0" encoding="UTF-8"?>
<!-- Generated by org.testng.reporters.JUnitReportReporter -->
<testsuite hostname="Neeraja-QA01-PC" name="waste.Annotations" tests="2" failures="0" timestamp="2 Jan 2018 06:04:29 GMT" time="0.004" errors="0">
  <testcase name="test5" time="0.001" classname="waste.Annotations"/>
  <testcase name="test1" time="0.003" classname="waste.Annotations"/>
</testsuite> <!-- waste.Annotations -->
