<?xml version="1.0" encoding="UTF-8"?>
<!-- Generated by org.testng.reporters.JUnitReportReporter -->
<testsuite hostname="Neeraja-QA01-PC" name="usPayments.Login" tests="1" failures="0" timestamp="30 Mar 2018 07:17:54 GMT" time="37.631" errors="0">
  <testcase name="logIn" time="37.631" classname="usPayments.Login"/>
</testsuite> <!-- usPayments.Login -->
