<?xml version="1.0" encoding="UTF-8"?>
<!-- Generated by org.testng.reporters.JUnitReportReporter -->
<testsuite hostname="Neeraja-QA01-PC" name="usPayments.Login" tests="1" failures="0" timestamp="27 Feb 2018 07:44:33 GMT" time="131.827" errors="0">
  <testcase name="logIn" time="131.827" classname="usPayments.Login"/>
</testsuite> <!-- usPayments.Login -->
