<?xml version="1.0" encoding="UTF-8"?>
<!-- Generated by org.testng.reporters.JUnitReportReporter -->
<testsuite hostname="Neeraja-QA01-PC" name="framework.Login" tests="1" failures="0" timestamp="9 Mar 2018 07:32:13 GMT" time="15.495" errors="0">
  <testcase name="login" time="15.495" classname="framework.Login"/>
</testsuite> <!-- framework.Login -->
