<?xml version="1.0" encoding="UTF-8"?>
<!-- Generated by org.testng.reporters.JUnitReportReporter -->
<testsuite hostname="Neeraja-QA01-PC" name="framework.Login" tests="1" failures="0" timestamp="14 Mar 2018 11:48:49 GMT" time="17.984" errors="0">
  <testcase name="login" time="17.984" classname="framework.Login"/>
</testsuite> <!-- framework.Login -->
