<?xml version="1.0" encoding="UTF-8"?>
<!-- Generated by org.testng.reporters.JUnitReportReporter -->
<testsuite hostname="Neeraja-QA01-PC" name="usPayments.Login" tests="1" failures="0" timestamp="2 Apr 2018 07:56:44 GMT" time="2383.286" errors="0">
  <testcase name="logIn" time="2383.286" classname="usPayments.Login"/>
</testsuite> <!-- usPayments.Login -->
