<?xml version="1.0" encoding="UTF-8"?>
<!-- Generated by org.testng.reporters.JUnitReportReporter -->
<testsuite hostname="Neeraja-QA01-PC" name="waste.MouseHover" tests="1" failures="0" timestamp="14 Mar 2018 09:32:36 GMT" time="13.651" errors="0">
  <testcase name="test" time="13.651" classname="waste.MouseHover"/>
</testsuite> <!-- waste.MouseHover -->
