<?xml version="1.0" encoding="UTF-8"?>
<!-- Generated by org.testng.reporters.JUnitReportReporter -->
<testsuite hostname="Neeraja-QA01-PC" name="usPayments.Login" tests="1" failures="0" timestamp="22 Mar 2018 14:15:08 GMT" time="1745.124" errors="0">
  <testcase name="logIn" time="1745.124" classname="usPayments.Login"/>
</testsuite> <!-- usPayments.Login -->
