<?xml version="1.0" encoding="UTF-8"?>
<!-- Generated by org.testng.reporters.JUnitReportReporter -->
<testsuite hostname="Neeraja-QA01-PC" name="savingpages.SavingAccountCreation" tests="1" failures="0" timestamp="9 Mar 2018 07:32:13 GMT" time="57.886" errors="0">
  <testcase name="savingaccount" time="57.886" classname="savingpages.SavingAccountCreation"/>
</testsuite> <!-- savingpages.SavingAccountCreation -->
